build/app/intermediates/manifest_merge_blame_file/release/manifest-merger-blame-release-report.txt
1<?xml version="1.0" encoding="utf-8"?>
2<manifest xmlns:android="http://schemas.android.com/apk/res/android"
3    package="com.evolvingkid.animeworld"
4    android:versionCode="3"
5    android:versionName="1.0.0" >
6
7    <uses-sdk
8        android:minSdkVersion="16"
8-->src/main/AndroidManifest.xml
9        android:targetSdkVersion="28" />
9-->src/main/AndroidManifest.xml
10
11    <uses-permission android:name="android.permission.INTERNET" />
11-->src/main/AndroidManifest.xml:48:7-68
11-->src/main/AndroidManifest.xml:48:24-66
12    <!-- Permission will be merged into the manifest of the hosting app. -->
13    <!-- Is required to launch foreground extraction service for targetSdkVersion 28+. -->
14    <uses-permission android:name="android.permission.FOREGROUND_SERVICE" />
14-->[com.google.android.play:core:1.7.2] AndroidManifest.xml:8:3-74
14-->[com.google.android.play:core:1.7.2] AndroidManifest.xml:8:20-72
15    <!--
16 io.flutter.app.FlutterApplication is an android.app.Application that
17         calls FlutterMain.startInitialization(this); in its onCreate method.
18         In most cases you can leave this as-is, but you if you want to provide
19         additional functionality it is fine to subclass or reimplement
20         FlutterApplication and put your custom class here.
21    -->
22    <application
22-->src/main/AndroidManifest.xml:8:5-47:19
23        android:name="io.flutter.app.FlutterApplication"
23-->src/main/AndroidManifest.xml:9:9-57
24        android:appComponentFactory="androidx.core.app.CoreComponentFactory"
24-->[androidx.core:core:1.1.0] AndroidManifest.xml:24:18-86
25        android:icon="@mipmap/ic_launcher"
25-->src/main/AndroidManifest.xml:11:9-43
26        android:label="animeworld" >
26-->src/main/AndroidManifest.xml:10:9-35
27        <activity
27-->src/main/AndroidManifest.xml:12:9-40:20
28            android:name="com.evolvingkid.animeworld.MainActivity"
28-->src/main/AndroidManifest.xml:13:13-41
29            android:configChanges="orientation|keyboardHidden|keyboard|screenSize|smallestScreenSize|locale|layoutDirection|fontScale|screenLayout|density|uiMode"
29-->src/main/AndroidManifest.xml:16:13-163
30            android:hardwareAccelerated="true"
30-->src/main/AndroidManifest.xml:17:13-47
31            android:launchMode="singleTop"
31-->src/main/AndroidManifest.xml:14:13-43
32            android:theme="@style/LaunchTheme"
32-->src/main/AndroidManifest.xml:15:13-47
33            android:windowSoftInputMode="adjustResize" >
33-->src/main/AndroidManifest.xml:18:13-55
34
35            <!--
36                 Specifies an Android theme to apply to this Activity as soon as
37                 the Android process has started. This theme is visible to the user
38                 while the Flutter UI initializes. After that, this theme continues
39                 to determine the Window background behind the Flutter UI.
40            -->
41            <meta-data
41-->src/main/AndroidManifest.xml:23:13-26:17
42                android:name="io.flutter.embedding.android.NormalTheme"
42-->src/main/AndroidManifest.xml:24:15-70
43                android:resource="@style/NormalTheme" />
43-->src/main/AndroidManifest.xml:25:15-52
44            <!--
45                 Displays an Android View that continues showing the launch screen
46                 Drawable until Flutter paints its first frame, then this splash
47                 screen fades out. A splash screen is useful to avoid any visual
48                 gap between the end of Android's launch screen and the painting of
49                 Flutter's first frame.
50            -->
51            <meta-data
51-->src/main/AndroidManifest.xml:32:13-35:17
52                android:name="io.flutter.embedding.android.SplashScreenDrawable"
52-->src/main/AndroidManifest.xml:33:15-79
53                android:resource="@drawable/launch_background" />
53-->src/main/AndroidManifest.xml:34:15-61
54
55            <intent-filter>
55-->src/main/AndroidManifest.xml:36:13-39:29
56                <action android:name="android.intent.action.MAIN" />
56-->src/main/AndroidManifest.xml:37:17-68
56-->src/main/AndroidManifest.xml:37:25-66
57
58                <category android:name="android.intent.category.LAUNCHER" />
58-->src/main/AndroidManifest.xml:38:17-76
58-->src/main/AndroidManifest.xml:38:27-74
59            </intent-filter>
60        </activity>
61
62        <!--
63             Don't delete the meta-data below.
64             This is used by the Flutter tool to generate GeneratedPluginRegistrant.java
65        -->
66        <meta-data
66-->src/main/AndroidManifest.xml:44:9-46:33
67            android:name="flutterEmbedding"
67-->src/main/AndroidManifest.xml:45:13-44
68            android:value="2" />
68-->src/main/AndroidManifest.xml:46:13-30
69
70        <activity
70-->[:url_launcher] AndroidManifest.xml:8:9-11:74
71            android:name="io.flutter.plugins.urllauncher.WebViewActivity"
71-->[:url_launcher] AndroidManifest.xml:9:13-74
72            android:exported="false"
72-->[:url_launcher] AndroidManifest.xml:10:13-37
73            android:theme="@android:style/Theme.NoTitleBar.Fullscreen" /> <!-- The activities will be merged into the manifest of the hosting app. -->
73-->[:url_launcher] AndroidManifest.xml:11:13-71
74        <activity
74-->[com.google.android.play:core:1.7.2] AndroidManifest.xml:12:5-271
75            android:name="com.google.android.play.core.missingsplits.PlayCoreMissingSplitsActivity"
75-->[com.google.android.play:core:1.7.2] AndroidManifest.xml:12:15-102
76            android:enabled="false"
76-->[com.google.android.play:core:1.7.2] AndroidManifest.xml:12:103-126
77            android:exported="false"
77-->[com.google.android.play:core:1.7.2] AndroidManifest.xml:12:127-151
78            android:launchMode="singleInstance"
78-->[com.google.android.play:core:1.7.2] AndroidManifest.xml:12:204-239
79            android:process=":playcore_missing_splits_activity"
79-->[com.google.android.play:core:1.7.2] AndroidManifest.xml:12:152-203
80            android:stateNotNeeded="true" />
80-->[com.google.android.play:core:1.7.2] AndroidManifest.xml:12:240-269
81        <activity
81-->[com.google.android.play:core:1.7.2] AndroidManifest.xml:13:5-226
82            android:name="com.google.android.play.core.common.PlayCoreDialogWrapperActivity"
82-->[com.google.android.play:core:1.7.2] AndroidManifest.xml:13:15-95
83            android:enabled="false"
83-->[com.google.android.play:core:1.7.2] AndroidManifest.xml:13:96-119
84            android:exported="false"
84-->[com.google.android.play:core:1.7.2] AndroidManifest.xml:13:120-144
85            android:stateNotNeeded="true"
85-->[com.google.android.play:core:1.7.2] AndroidManifest.xml:13:145-174
86            android:theme="@style/Theme.PlayCore.Transparent" /> <!-- The service will be merged into the manifest of the hosting app. -->
86-->[com.google.android.play:core:1.7.2] AndroidManifest.xml:13:175-224
87        <service
87-->[com.google.android.play:core:1.7.2] AndroidManifest.xml:16:5-145
88            android:name="com.google.android.play.core.assetpacks.AssetPackExtractionService"
88-->[com.google.android.play:core:1.7.2] AndroidManifest.xml:16:14-95
89            android:enabled="false"
89-->[com.google.android.play:core:1.7.2] AndroidManifest.xml:16:96-119
90            android:exported="true" />
90-->[com.google.android.play:core:1.7.2] AndroidManifest.xml:16:120-143
91    </application>
92
93</manifest>